2.150198172725148016e+00 1.558901789901299928e+01 4.364810654103231968e+01
4.822334248232955645e+01 3.329228676732119396e+01 1.920957915210623312e+01
3.522965423812581776e+01 6.765467411815191845e+00 8.141463347866828570e+00
4.189273529891917036e+01 4.141562141958247878e+01 1.095167304695364940e+00
3.007404955173569761e+01 4.282979940316861445e+01 3.301292932806418179e+01
3.741711191807006998e+01 1.378868563589442253e+01 4.794647897033517836e+01
1.056457067473594513e+01 1.936681084345091719e+01 2.579333450462912580e+01
3.009429587845520260e+01 1.117638427017151415e+01 3.861172533890010072e+01
4.216981162204898936e+01 7.571645046637803134e+00 1.756959009340090105e+01
9.984556321313059257e+00 4.655672155083863117e-01 4.087163040730887786e+01
4.493618752126927518e+01 1.581562570903083653e+01 4.982279056591690392e+01
6.071172305327991126e+00 3.919111043555316343e+01 4.519561211623446439e+01
3.638188638838553146e+00 3.569682212711837366e+01 9.605468847765976648e-01
2.325113667548395924e+01 2.349668309853322423e+00 1.640212855529615865e+01
3.403723317847492069e+01 1.700063013984135907e+01 4.861835822734058610e+01
2.821459502425047816e+01 4.274413221076575553e+01 7.578665852653284629e-01
4.065459726468512258e+01 2.111680774391060922e+01 3.957821351284891875e+01
2.658423976255428300e+01 4.576013890455380562e+01 7.717692516577101536e+00
2.153296064927882725e+01 4.358715397063370744e+01 4.006733983431883672e+01
3.319404821791282956e+01 3.614776971427372843e+01 4.917633449774943699e+01
1.679033802678191023e+00 3.044503506844155183e+01 2.976423486961364517e+01
4.316512704913637322e+01 3.486648019032351886e+00 1.079642724145770494e+01
3.823967789452266430e+01 2.639963423589981062e+01 2.637708523693822826e+01
7.835654723755600237e+00 3.172682840014829253e+01 2.051916711207425337e+01
2.841798563583494541e+01 2.884850683064181709e+01 2.973669641773583194e+01
1.399017659476233000e+01 4.504148917375538019e+01 4.427489835693487663e+01
3.059789769027244688e+01 4.720759925079887864e+01 3.965015710812551930e+01
2.228861828054830241e+00 2.978346566081132352e+01 1.330692159955128062e+01
3.791516632811664067e+01 1.503926365455692427e+01 9.937682049192266831e+00
4.474256857483813832e+01 3.675716638368195532e+01 1.437533637194761660e+01
1.845810980812809987e+01 9.324163364043334568e+00 4.168053598807327376e+01
3.303265391916211513e+01 3.920156834088852804e+01 4.435651921537724718e+01
5.576460682412215597e+00 1.734897084927210997e+01 8.138000087453246323e+00
3.846938315472885961e+01 1.686309566238477053e+00 2.216271623216264075e+01
1.749431225444986637e+00 6.863759339304245088e+00 2.056793260543556201e+01
3.117015645827251547e+00 1.673590824606566230e+01 3.030988927725096360e+01
1.943209633732016073e+01 2.022544732915067200e+01 2.946399508683806445e+01
4.946669145933121570e+01 4.482449178824217029e+01 3.012216946916192839e+01
4.268856281660495711e+01 7.179540453832978564e+00 4.520899744144107757e+01
2.740237765412455317e+01 2.730990359629158704e+01 1.378046212640298052e+01
1.382154387689170960e+01 3.478226876918446209e+01 7.250851927000421249e+00
2.959262697597510083e+01 2.101963477148493453e+01 2.071632789434694999e+01
2.240090578245030883e+01 7.074978652181215466e+00 3.650406612793134542e+01
6.125108630130223553e+00 4.876429028315470049e+01 4.370560162645466562e+01
2.833350841822927535e+01 2.926675336954652451e+01 1.914242002586074776e+01
1.302802562417116938e+01 4.871017944365581798e+01 3.416346499952721771e+00
3.304168614427928929e+01 4.012610677790213742e+01 3.754345384541230857e+01
3.345146779868282749e+01 4.096649759854872741e+01 4.667953146153583077e+01
2.232947634993570318e+01 3.242083456247185325e+01 3.843876847625202942e+01
1.315003217766289723e+01 1.918461104267341355e+01 7.591919937421300446e+00
