2.705240315865748357e+01 1.477319551373035900e+01 2.084114835768249208e+01
3.647481784316761377e+01 4.503819062732253542e+01 4.928472149061210672e+01
1.495102430803918558e+01 8.768154850666476818e+00 4.784374439188168537e+01
3.897323602084219374e+01 1.268473420783610450e+01 4.041886860423797856e+01
4.025500055459072257e+01 2.688573554931460308e+01 1.008185796376738708e+01
2.158411561184711047e+01 3.111306111210650371e+01 2.815018789062268567e+01
1.751391599521776499e+01 4.374017303543004687e+01 5.619062814429027775e+00
3.578144388708335288e+00 4.466907195205562431e+01 3.138519893642719438e+00
1.722361927908423684e+00 3.610753781137916008e+01 3.369998753445210582e+01
1.387793353930145379e+01 3.606003385302905428e+01 2.277241622487912664e+01
1.033114406328704327e+01 1.865440102720464921e+01 4.807805157269751817e+01
1.263007553873271682e+01 4.724382669147571079e+01 3.898496440287004816e+00
1.779624734988719226e+01 1.401822966614927246e+01 3.565443018963073740e+01
1.819561904915955708e+01 2.084731412046517818e+01 2.614579891019158708e+01
3.886974507504073273e+01 3.372838173050213939e+00 1.763375010472065352e+00
2.958013855759764965e+01 4.776339439564031863e+01 4.765056622009753795e+01
1.343108505009248788e+01 4.601434345186670072e+01 3.171632611463621387e+01
3.637304148444612650e+01 3.373885482639807520e+01 1.005176964075063495e+01
1.659422365934074506e+01 1.206774911618299662e+01 1.896652134838143766e+01
3.344357756360457756e+01 3.866944869605550394e+01 4.755449182710178491e+01
2.706997313124988835e+01 3.773610097334887570e+01 3.047528089173029286e+01
1.904493197513849623e+01 2.341854993463163481e+01 2.006251399592291484e+00
3.366794018754772111e+01 3.502353066663974346e+01 3.234608177151977770e+01
2.632956893965031853e+01 1.353811025531314804e+01 3.126432015983409585e+01
1.280252137255724421e+01 4.228516204805123380e+01 4.939231034454626013e+01
3.472282765123252801e+01 1.300539812953051388e+01 1.327972563065993583e+01
1.799640387848179301e+01 9.676261491651617419e+00 4.097460508164191140e+01
4.007123052091439774e+01 4.938621762932010029e+01 3.545526744205599101e+01
7.903587320891617196e+00 1.523741729136089873e+01 3.057767514953065557e+01
3.171839550709992039e+01 4.449277420032494490e+01 1.932794301515687252e+01
4.277877192392337236e+01 1.885018107136208343e+01 1.854381609838640088e+01
4.731243066287849786e+01 2.677278725724656638e+01 3.282282558060702371e+01
4.183599077675252431e+01 4.335951762960186073e+01 6.351470685896645207e+00
1.235493107612885488e+01 1.206449863860054528e+01 2.228157189694123730e+01
2.381158145532246095e+01 4.587209551077435776e-01 3.038022083437062193e+01
9.048053246208159095e+00 3.175620587028772235e+01 1.152829002000310865e+01
3.182264558481713834e+01 3.845109575969871685e+01 1.864441928612558641e+01
1.394599367834861603e+01 3.278382689835552810e+01 2.434927267125064887e+01
2.548915401242207679e+01 4.227789537245165263e+01 5.953051120870488155e+00
4.101537866856619274e+01 4.575498827436584648e+00 1.220191036868733114e+01
3.531050772915551050e+01 3.354372185072331547e+01 2.317062079013551923e+01
3.466320776224229405e+01 1.009099510873558181e+01 2.835700051779914688e+01
4.019961954232098833e+01 2.698097938514221283e+01 4.621881443590584126e+01
2.457726973575792329e+01 5.234616691229554419e+00 3.870706236452637938e+01
3.670551773310872790e+01 8.963257816151344315e+00 8.805590103887793063e+00
4.803225733997785341e+01 3.032979310792786620e+01 1.852665793914738401e+00
1.222169717803743261e+01 7.448181173944414368e+00 1.020023499247202281e+01
4.221481051360881764e+01 4.813282030006431711e+01 2.714924046176201244e+01
2.403306298419044396e+01 1.596024245034121236e+01 1.877156774213877100e+01
2.146588717199831464e+01 4.535835253806074974e+01 4.996550907596824409e+00
