1.937930157276540832e+00 1.394069514113420993e+01 4.801751218701961221e+01
2.482004889928785474e+01 6.877850182605870444e+00 2.945361952439997211e+01
4.471075724600246559e+01 1.080920515756785250e+01 3.758438830394658936e+01
3.619366660052529738e+01 3.409377685384937706e+01 2.988249976154068932e+01
4.455947822729753316e-01 1.095131492028782993e+01 3.716042982429781460e+01
4.368835926959426352e+00 4.705515320965365333e+01 6.971613432245488795e+00
2.466049739608579117e+01 1.831077130779562268e+01 3.564202720461518226e+01
2.733426364145422838e+01 2.843403037643255260e+01 1.793758519087812786e+01
1.135119114595954137e+01 1.471970948831226877e+01 4.990666388769507478e+01
1.778533516489420663e+01 2.166852489815419602e+01 4.687226450053765703e+00
2.575288599596879990e+01 2.151996173604242912e+01 4.636009797014205702e+01
1.930892851692803802e+01 5.416492692188847435e+00 1.272133050913008567e+01
3.202814824189779586e+01 4.241347938614225654e+01 2.042215567544720045e+01
1.322027943417393736e+01 3.942513794241548197e+01 3.596964727642562565e+01
4.374811235317725533e+01 3.979090158782968700e+01 4.954247175174143258e+00
3.096891702732205331e+01 2.805891516892176973e+00 4.456650079130685782e+01
3.689363475717062357e+01 2.159794108149351999e+01 2.454050063809430071e+01
4.628787435510405857e+01 2.184360189700855059e+01 1.251187791369046920e+01
1.156653700774293014e+01 3.045939460007254596e+01 4.777675320078409982e+01
3.374010216928326855e+01 4.123812293782445693e+01 4.597964441644172240e+01
2.667536967017291261e+00 4.523379138545188738e+01 3.139295142104264968e+01
4.499781550415012532e+01 4.342353045324039584e+01 4.328915416073633793e+01
2.813823620965325034e+01 4.268946082646024820e+01 3.735711203518191326e+01
4.470083566830369648e+01 4.522674462323688971e+01 4.188682572035270368e+01
4.735013611225746644e+01 5.884896268438595257e+00 1.921100327433454069e+01
4.576200116008588559e+00 3.009002849361165843e+01 3.140527431269088865e+01
5.775821947071469786e+00 2.252583561288498260e+01 4.267996493553867765e+01
2.788774862597491477e+01 1.896311901002971112e+01 7.577762696761531025e+00
2.861506106545293449e+01 1.615862367995165982e+01 1.940721001655444811e+00
1.874850584701340495e+01 2.282665424619927830e+00 2.433483306601787532e+01
1.711606605349138732e+01 2.839283079245375774e+01 4.542372822247238418e+01
1.161123035902950917e+01 1.436302912603911608e+01 2.130815489827139686e+01
2.813001501969478468e+01 1.940455855853360134e+01 4.599435432942057034e+00
3.552316064321470179e+01 2.172536935664834346e+01 2.168310920740600167e+01
4.580481919657800205e+01 4.398477008228928753e+01 4.012359657468371665e+01
1.521984477625939114e+01 4.701725742418011578e+01 4.298744469242564037e+01
4.436713533718911862e+01 6.830684695121669314e+00 7.978783990288046191e+00
2.846459565995434460e+01 2.078246177105708625e+01 1.861567563592748087e+01
8.322993830993508979e+00 2.740949891382451042e+01 1.673035342305404782e+01
4.044758930855655521e+00 3.125747330642932553e+01 1.003973785881942149e+01
6.833881066948950256e+00 3.233958441779273585e+01 3.912479913880113003e+01
3.974725784589795552e+01 4.917582474337473286e+01 3.601114243863952424e+01
8.023398520379739551e+00 4.691204533629124285e+01 5.958627962068425710e+00
4.320804226282354676e+01 1.188355452074232232e+01 3.388713452403601423e+01
4.515888005014663520e+01 3.874111526491469704e+01 4.855011318407336063e+01
3.298638002033801797e+01 1.189929773675309832e+01 2.388760524302284693e-01
4.139410473376893407e+01 2.476265209196002104e+01 3.284941266150496375e+01
1.283729674132725540e+00 5.604719447177806124e+00 7.924525907586118301e+00
2.575282455179520369e+01 4.951582527156060110e+01 4.912054194137522956e+01
2.981944258411590098e+01 2.156979445123035433e+01 2.438882295554515522e+00
