2.679457666506480251e+01 1.307931427770694910e+01 2.516499552552596697e+01
1.333000085278525582e+01 1.888223063526620749e+01 9.787238455564938988e+00
2.352723079685883434e+01 1.190699607736246257e+01 2.638177282890474018e+01
3.344121803771449208e+01 5.529940357368980486e+00 1.937325177634952311e+01
1.048930479595837362e+01 4.487001007726439639e+01 1.409211747083137389e+01
3.701842599155834534e+01 1.286211505668734389e+01 3.565790872335486483e+01
3.183235073240160418e+01 4.290664151560899597e+01 1.569026353024909426e+01
1.088024712374036085e+00 1.219663061898338086e+01 3.273429230628743625e+01
2.097358288078080335e+01 4.332544368201559593e+01 1.610690275770829061e+01
2.169451733338067356e+01 7.278796486173005675e+00 3.660381721812198919e+01
4.153014077228751688e+01 2.474103528851710010e+01 4.499765721122367523e+01
2.610524263715641169e+01 1.370661983493503300e+01 2.166162572000619591e+01
4.628104926310316358e+01 2.082972923532974363e+01 5.210881290458039494e+00
8.320715144723846990e+00 8.078737089901750323e+00 4.586927096819556482e+01
4.897440136240111030e+01 2.655688673369636632e+01 8.493041070963474937e+00
3.434205633869041918e+01 9.832749479787995739e+00 4.346679620416001200e+01
1.046966219989070623e+01 4.729501644676233241e+01 1.747815289719431320e+01
6.137699345743093282e+00 9.883341087600213015e+00 1.490697830661156154e+01
6.236599225057100071e+00 4.854878895287410501e+01 2.628473392209869886e+01
3.404949964117852801e+01 4.381967004580999969e+01 4.441766987199866179e+01
2.831261591976272740e+01 2.778996914533114815e+00 3.235813706733319606e+01
2.099119059979535606e+01 1.346900253848268214e+01 3.461254848851397981e+01
2.261091143038312978e+01 3.577701849049713112e-01 4.237052149746826757e+01
1.309203803749312733e+01 2.693531463169675533e+01 2.529266921407342217e+00
3.191411157671046439e+01 1.950099121357866849e+01 3.904605692887601265e+01
2.448722362969120425e+01 4.723230990659936879e+01 4.958847404362843747e+01
4.367695165171122085e+01 3.549712137016846469e+01 4.450703642548545957e+01
1.574063594572038127e+01 3.857638960542425366e+01 2.973662716615189439e+01
4.941951045171369827e+01 1.717280571024201663e+01 2.339674249547962148e+01
5.847016165875174920e+00 1.014095662786298391e+01 2.941012309582707118e+01
4.147065543265942722e+01 3.795277576314554580e+01 2.232093559615835687e+01
2.588747849224860076e+01 1.930719431899878158e+00 9.770932653003873369e+00
1.443273480849977375e+01 4.545829503332802801e+01 2.856095725850167799e+00
9.058613814560860789e+00 3.175346367895650346e+01 2.145187012213101241e+01
1.738404040892067925e+01 3.709680268055794983e+01 4.945295578608376275e+01
2.141259900447885300e+01 1.229927167624074258e+01 2.446756206301631309e+01
7.099084296771558833e+00 2.539773283775494050e+01 4.750060790166084246e+01
4.300269388853253361e+01 8.800592890731115503e+00 1.290157484757680528e+01
4.090897910148708405e+01 1.229324790711953241e+01 2.725980117715980100e+01
1.709048279982143015e+01 7.955791392098345405e+00 7.893908955627722435e+00
2.841801937746281226e+01 3.119621195758245946e+01 5.139742460187157747e+00
4.487025651809572224e+01 3.829960296655585239e+01 4.370423294802219516e+01
2.583051775023127661e+01 1.682645153923306225e+01 1.568178174002375513e+01
1.196099960451392441e+01 1.865467716487988170e+01 2.918939149817060041e+01
3.623396301736014458e+00 1.853012664822973221e+01 3.830579019881061242e+01
1.798465928422688620e+01 4.351295894910713713e+01 4.866924289447442931e+01
2.055632847561149035e+01 4.206693919608665766e+01 5.488406516648794309e+00
7.997248745473244824e+00 1.072121850510790608e+01 3.634441126422687773e+01
2.750734825067013745e+01 3.310617022405017451e+01 2.950427827188173424e+01
3.816935950602969996e+01 4.777759787419628879e+01 4.987757519330819633e+01
