1.640978321631854309e+00 1.220768856305818595e+01 2.302234012811145369e+00
1.861397967321018809e+00 3.090805624896479387e+01 4.014230254776818185e+01
5.850767087436210545e-01 1.124615935818549950e+01 1.342052971489135160e+01
2.057578793026393527e+01 1.685312231624897805e+01 4.875102224651861604e+01
1.908744173025974789e+01 2.734313215485701676e+01 3.957823203798090361e+01
1.970313426884667507e+01 2.870419511641026844e+01 1.437932222715364183e+01
3.911518991585491278e+01 1.761349757055977605e+01 4.584948570302051252e+01
2.485290199815069556e+01 4.597034707639105733e+01 4.754211563655364614e+01
3.047815497343862035e+01 2.181335823355550119e+01 3.218932198555800994e+01
2.565121835218396740e+01 4.293658692450834735e+01 1.856792683650690989e+01
7.555738614378719298e+00 2.821045190676437286e+01 4.388355951807792366e+01
3.293373815870925370e+01 2.202892837900572331e+01 3.063410233220678336e+01
1.056964299250456030e+01 4.928167179271300569e+01 4.003529961366447765e+01
3.376780066068111985e+00 2.668796544818289007e+01 5.724523870760191535e+00
1.032617091830780964e+01 1.944835242624573368e+01 1.815731551343542094e+01
3.774236814392648398e+01 1.688677993655152321e+01 4.239426411088101077e+01
3.382697447333712404e+01 2.277337664275739471e+01 1.019708998702058800e+01
9.277724859787852552e+00 4.121328080159763374e+01 1.059227922293871949e+01
9.202335878468019814e-01 1.665175545115121380e+01 4.806286788889089223e+00
3.535851197461989415e+01 4.740083201534155677e+01 4.385531018910160839e+01
3.972005856285787395e+00 1.033851342739204782e+01 3.333763369740149329e+01
4.702021247932265169e+01 3.355012140760693029e+01 2.597158960017378249e+01
1.712819489736603984e+01 8.070687789602684958e+00 4.742853920600770579e+01
3.161482553684109220e+01 8.775469770315480034e+00 1.330329325262061779e+01
1.650063447192922794e+01 3.313963358948448956e+01 8.903658014183493563e+00
4.547731226639297120e+01 1.545365644260638938e+01 1.885073889758544752e+01
3.162535571266000289e+01 4.851568148376079392e+01 4.638138227174123784e+01
3.647370289440905466e+00 8.243507224793880539e+00 1.949338659517418693e+00
2.070640656498752818e+01 1.866943446754578773e+01 4.533521071631695065e+01
4.307856905305153816e+01 1.813229039942045873e+01 3.461845569395088518e+01
1.586524977755136234e+01 4.755272569956134987e+01 4.925814793556826032e+01
4.010813610920551753e+01 3.944281922149823316e+01 4.817811989147404006e+01
7.376514807096293813e-01 2.151422839152755628e+01 1.114952902163288684e+00
3.328378078504751159e+01 4.247127180040513394e+01 2.191034483599624494e+01
3.897637447923601428e+01 3.022194813679933034e+01 8.795427855456329880e+00
2.765478279993847011e+01 2.763071549554154061e+01 5.997109000847270721e+00
2.010733874153827827e+01 4.424108646557240121e+01 3.729873729821780870e+01
7.605521186447639970e+00 4.688345307974195464e+01 7.252203128562817014e+00
2.346086776138061936e+01 4.714290028981449154e+01 3.775515232066549487e+01
3.012985945896575046e+01 3.464776226794599978e+01 5.741732842614700516e+00
8.223348887205063351e-02 3.013291529826825155e+01 2.123476158246918999e+01
6.475370311741647511e-02 2.749487970256098990e+01 1.468821970228781026e+00
4.365323117597348102e+01 3.675645193806562361e+01 2.542052971386976878e+01
3.076054155761620379e+01 2.547238442042937123e+01 2.453823308371714518e+01
1.215944513597534105e+01 4.839067061419469695e+01 2.813299979619780800e+01
3.241561428930648692e+00 2.538524304227607331e+01 4.735823261733352041e+01
4.988428353817775474e+01 9.536957620937020152e+00 2.829313169251640048e+01
1.542984399334352119e+01 1.655679373956775180e+01 1.548337279739753747e+01
3.729740917454009264e+01 2.473205240153463791e+01 1.792355182738302588e+01
4.668108113897010014e+01 2.414720600818846563e+01 4.747807280208858316e+01
