2.645944611897106213e+01 1.130812898918164144e+01 2.941153864086869518e+01
4.066104658650950654e+01 4.320213336731631415e+01 2.076561814462435507e+01
2.794594723564267014e+01 1.088834725402269399e+01 7.623112158921117043e-01
4.212384470542347970e+01 1.258979115773887436e+01 1.254227959929775515e+01
2.706484548795893730e+01 9.195521055847496683e+00 1.444361342852828045e+01
2.357094026174941348e+00 4.451552665617280979e+01 4.306998721099242289e+01
4.640250907976414396e+01 4.232483360596633304e+01 2.601318785624783558e+01
4.891392931632553598e+01 3.004021356619691119e+01 1.264608899921797658e+01
4.002232839598961078e+01 3.408741149886924671e-01 4.831134254330102351e+01
2.968767366911914607e+01 2.867413166097537314e+01 6.117907530235507929e-01
2.370789701773439617e+01 3.180642908627608989e+01 4.289602238619663410e+01
3.961860565997373129e+01 3.020760890278801725e+01 3.946295092411902772e+01
2.492892592315768141e+01 2.780430355134806319e+01 2.493040713812274234e+01
4.870540168213686627e+01 4.556975050118864345e+01 1.585233346804929155e+01
2.210653696709829674e+01 1.276841461167841807e+01 2.825018644879076390e+01
4.119897336967217427e+01 2.399710381382459090e+01 4.137802543811168476e+01
7.022771791472719904e+00 4.809022188344165727e+01 2.754512121536062619e+00
1.254827959418910943e+01 2.267374973595135046e+01 6.408109359622535806e+00
4.585993281306443947e+01 3.501078681185621377e+01 3.358390451810753774e+01
3.758942612744998968e+01 1.903895804261825253e+00 4.421485232559332701e+01
2.970449520898657525e+01 1.797112935642860165e+01 3.439022974364736029e+01
2.313689221606034963e+01 3.718898133941476836e+00 1.741828856904394840e+01
1.165060758542061414e+01 1.578873461537224721e+01 2.491686135618867759e+00
2.108431802863021121e-01 4.068885505303219929e+01 2.415054972793117471e+01
1.334403053712627241e+00 4.702552165195503875e+01 2.900850478605591931e+01
1.705971507775336349e+01 3.426731715327209571e+01 3.870531792620116818e+01
1.994991273145186383e+01 1.191039455519603329e+01 4.863188107584010567e+01
4.137872315899267761e+01 2.773524336999452089e+01 2.398666867871412478e+01
4.263087672613426093e+01 2.080363727272188257e+01 1.791125298502706897e+01
3.038930822615562732e+01 2.620281045690550314e+01 3.990597457800247128e+01
4.027854487131500605e+01 7.171376384848861640e+00 2.621406102384980485e+01
4.362941564093776314e+00 2.698906684902783581e+01 3.661945496787566867e+01
3.716831119919746129e+01 4.769590479600501709e+01 4.949955312475446334e+01
7.561029402306281177e+00 3.241161568625894773e+00 2.242090119663405900e+01
1.059995577043765103e+01 2.337834081392690422e+01 1.816914714571527867e+01
3.452929902676283547e+01 4.359449174620706913e+01 3.815898837004300503e+01
3.353301539584779789e+01 1.350186230293276601e+01 2.751428890431767726e+01
2.230913511934761573e+01 3.506709990373769159e+01 1.703618044533702136e+00
6.048931169135272512e+00 3.202872742037060050e+01 4.828667821203240607e+01
4.319348346635059244e+01 1.136398049203431171e+01 3.613804077842276197e+00
2.171954009022199372e+01 2.904271112889546913e+01 3.730287319469273655e+01
2.410191486887875545e+00 1.384109703731519581e+01 6.384351591184053376e+00
1.152920496985048793e+01 6.739712705033087836e+00 3.521253805585063645e+01
4.963723246964379854e+01 3.236724063490417080e+01 1.996422362818899998e+01
2.095402504166234436e+01 2.850974565160745300e+01 1.821874046503275935e+01
3.916099821813415360e+01 7.920061779944584046e+00 4.670975698469235482e+01
2.936773443352358726e+01 2.716247187856691170e+01 1.253352701163717775e+00
2.305322420200781508e+01 2.258315393482161326e+01 4.481311929136243322e+01
9.102161670311293307e+00 2.837262615092004125e+01 1.835751695478543866e+01
4.503847700175343860e+00 4.982785907044550555e+01 4.438961533913396096e+01
