3.400999999999999801e+00 2.359700000000000131e+01 4.837599999999999767e+01
2.345000000000000195e+00 3.417900000000000205e+01 1.791300000000000026e+01
3.293299999999999983e+01 3.245999999999999996e+00 4.245000000000000107e+00
3.643200000000000216e+01 4.321300000000000097e+01 8.211999999999999744e+00
3.197299999999999898e+01 4.249000000000000199e+01 3.174299999999999855e+01
3.357600000000000051e+01 6.115999999999999659e+00 4.514500000000000313e+01
1.349600000000000044e+01 1.812399999999999878e+01 3.049599999999999866e+01
2.786499999999999844e+01 9.346999999999999531e+00 3.647200000000000131e+01
4.057500000000000284e+01 8.287000000000000810e+00 1.690899999999999892e+01
1.444599999999999973e+01 4.910999999999999943e+01 4.055299999999999727e+01
4.378300000000000125e+01 1.478800000000000026e+01 4.634100000000000108e+01
2.505999999999999783e+00 4.261099999999999710e+01 4.060900000000000176e+01
1.499699999999999989e+01 3.041400000000000148e+01 4.911399999999999721e+01
3.080199999999999960e+01 5.665000000000000036e+00 1.730499999999999972e+01
3.748899999999999721e+01 1.563700000000000045e+01 4.708700000000000330e+01
2.820100000000000051e+01 4.419400000000000261e+01 6.788999999999999702e+00
3.642699999999999960e+01 2.436799999999999855e+01 4.215699999999999648e+01
2.448799999999999955e+01 4.088199999999999790e+01 6.959999999999999520e-01
1.958200000000000074e+01 4.490200000000000102e+01 4.427799999999999869e+01
3.119200000000000017e+01 3.962299999999999756e+01 5.192999999999999616e+00
4.892499999999999716e+01 3.237199999999999989e+01 3.175700000000000145e+01
4.240999999999999659e+01 5.791000000000000369e+00 1.188799999999999990e+01
4.120700000000000074e+01 2.873499999999999943e+01 2.873900000000000077e+01
9.148999999999999133e+00 4.190699999999999648e+01 2.091000000000000014e+01
2.257600000000000051e+01 2.121600000000000108e+01 3.354200000000000159e+01
1.127100000000000080e+01 4.485000000000000142e+01 4.557300000000000040e+01
2.572599999999999909e+01 4.658500000000000085e+01 3.663900000000000290e+01
1.348999999999999977e+00 2.558599999999999852e+01 1.458399999999999963e+01
4.126700000000000301e+01 1.008900000000000041e+01 1.028299999999999947e+01
4.937299999999999756e+01 3.817999999999999972e+01 1.882600000000000051e+01
1.721499999999999986e+01 6.229000000000000092e+00 4.391199999999999903e+01
2.889000000000000057e+01 3.932600000000000051e+01 3.947200000000000131e+01
8.714000000000000412e+00 1.558900000000000041e+01 7.655999999999999694e+00
3.822500000000000142e+01 2.576999999999999957e+00 1.715599999999999881e+01
2.028999999999999915e+00 2.427999999999999936e+00 1.896999999999999886e+01
1.558999999999999941e+00 1.908699999999999974e+01 2.999899999999999878e+01
2.030900000000000105e+01 2.254400000000000048e+01 2.757300000000000040e+01
4.382200000000000273e+01 4.694500000000000028e+01 2.917999999999999972e+01
4.286099999999999710e+01 8.829000000000000625e+00 4.760199999999999676e+01
2.876599999999999824e+01 2.703699999999999903e+01 1.329599999999999937e+01
1.960699999999999932e+01 3.779500000000000171e+01 1.009200000000000053e+01
2.954200000000000159e+01 2.362900000000000134e+01 1.514000000000000057e+01
2.072299999999999898e+01 6.876000000000000334e+00 3.740699999999999648e+01
3.442000000000000171e+00 4.570100000000000051e+01 4.175699999999999790e+01
3.075600000000000023e+01 3.247599999999999909e+01 1.625199999999999889e+01
1.467800000000000082e+01 4.589399999999999835e+01 1.431999999999999940e+00
2.875000000000000000e+01 3.645300000000000296e+01 3.831700000000000017e+01
3.236399999999999721e+01 4.039500000000000313e+01 4.287500000000000000e+01
2.531299999999999883e+01 2.758599999999999852e+01 3.963600000000000279e+01
1.606700000000000017e+01 2.592299999999999827e+01 9.618000000000000327e+00
